Время вызова: 2025-03-27 21:21:01.502918
Функция: hello_world
Аргументы: args=(), kwargs={}
Результат: Hello World

Время вызова: 2025-03-27 21:21:01.503918
Функция: summator
Аргументы: args=(2, 2), kwargs={}
Результат: 4

Время вызова: 2025-03-27 21:21:01.503918
Функция: div
Аргументы: args=(6, 2), kwargs={}
Результат: 3.0

Время вызова: 2025-03-27 21:21:01.503918
Функция: summator
Аргументы: args=(4.3,), kwargs={'b': 2.2}
Результат: 6.5

Время вызова: 2025-03-27 21:21:01.504918
Функция: summator
Аргументы: args=(), kwargs={'a': 0, 'b': 0}
Результат: 0

